빌드 시작: 2016-08-23 오후 6:23:16
     1>2 노드의 "C:\Users\EomJaeWoong\Documents\Visual Studio 2013\Projects\16.08.10_SearchPathToAStar\SearchPathToAStar\SearchPathToAStar.vcxproj" 프로젝트(Build 대상)입니다.
     1>ClCompile:
         C:\Program Files (x86)\Microsoft Visual Studio 12.0\VC\bin\CL.exe /c /ZI /nologo /W3 /WX- /sdl /Od /Oy- /D WIN32 /D _DEBUG /D _WINDOWS /D _UNICODE /D UNICODE /Gm /EHsc /RTC1 /MDd /GS /fp:precise /Zc:wchar_t /Zc:forScope /Yu"stdafx.h" /Fp"Debug\SearchPathToAStar.pch" /Fo"Debug\\" /Fd"Debug\vc120.pdb" /Gd /TP /analyze- /errorReport:prompt Astar.cpp
         Astar.cpp
     1>c:\users\eomjaewoong\documents\visual studio 2013\projects\16.08.10_searchpathtoastar\searchpathtoastar\astar.cpp(104): warning C4244: '인수' : 'float'에서 'int'(으)로 변환하면서 데이터가 손실될 수 있습니다.
     1>c:\users\eomjaewoong\documents\visual studio 2013\projects\16.08.10_searchpathtoastar\searchpathtoastar\astar.cpp(134): warning C4244: '인수' : 'float'에서 'int'(으)로 변환하면서 데이터가 손실될 수 있습니다.
     1>c:\users\eomjaewoong\documents\visual studio 2013\projects\16.08.10_searchpathtoastar\searchpathtoastar\astar.cpp(164): warning C4244: '인수' : 'float'에서 'int'(으)로 변환하면서 데이터가 손실될 수 있습니다.
     1>c:\users\eomjaewoong\documents\visual studio 2013\projects\16.08.10_searchpathtoastar\searchpathtoastar\astar.cpp(194): warning C4244: '인수' : 'float'에서 'int'(으)로 변환하면서 데이터가 손실될 수 있습니다.
     1>c:\users\eomjaewoong\documents\visual studio 2013\projects\16.08.10_searchpathtoastar\searchpathtoastar\astar.cpp(224): warning C4244: '인수' : 'float'에서 'int'(으)로 변환하면서 데이터가 손실될 수 있습니다.
     1>c:\users\eomjaewoong\documents\visual studio 2013\projects\16.08.10_searchpathtoastar\searchpathtoastar\astar.cpp(254): warning C4244: '인수' : 'float'에서 'int'(으)로 변환하면서 데이터가 손실될 수 있습니다.
     1>c:\users\eomjaewoong\documents\visual studio 2013\projects\16.08.10_searchpathtoastar\searchpathtoastar\astar.cpp(284): warning C4244: '인수' : 'float'에서 'int'(으)로 변환하면서 데이터가 손실될 수 있습니다.
     1>c:\users\eomjaewoong\documents\visual studio 2013\projects\16.08.10_searchpathtoastar\searchpathtoastar\astar.cpp(314): warning C4244: '인수' : 'float'에서 'int'(으)로 변환하면서 데이터가 손실될 수 있습니다.
     1>c:\users\eomjaewoong\documents\visual studio 2013\projects\16.08.10_searchpathtoastar\searchpathtoastar\astar.cpp(336): warning C4244: '=' : 'int'에서 'float'(으)로 변환하면서 데이터가 손실될 수 있습니다.
     1>c:\users\eomjaewoong\documents\visual studio 2013\projects\16.08.10_searchpathtoastar\searchpathtoastar\astar.cpp(337): warning C4244: '=' : 'int'에서 'float'(으)로 변환하면서 데이터가 손실될 수 있습니다.
     1>c:\users\eomjaewoong\documents\visual studio 2013\projects\16.08.10_searchpathtoastar\searchpathtoastar\astar.cpp(387): warning C4552: '+' : 의미 없는 연산자입니다. 파생 작업이 있는 연산자여야 합니다.
     1>c:\users\eomjaewoong\documents\visual studio 2013\projects\16.08.10_searchpathtoastar\searchpathtoastar\astar.cpp(403): warning C4552: '+' : 의미 없는 연산자입니다. 파생 작업이 있는 연산자여야 합니다.
     1>c:\users\eomjaewoong\documents\visual studio 2013\projects\16.08.10_searchpathtoastar\searchpathtoastar\astar.cpp(420): warning C4552: '+' : 의미 없는 연산자입니다. 파생 작업이 있는 연산자여야 합니다.
     1>c:\users\eomjaewoong\documents\visual studio 2013\projects\16.08.10_searchpathtoastar\searchpathtoastar\astar.cpp(434): warning C4552: '+' : 의미 없는 연산자입니다. 파생 작업이 있는 연산자여야 합니다.
     1>c:\users\eomjaewoong\documents\visual studio 2013\projects\16.08.10_searchpathtoastar\searchpathtoastar\astar.cpp(448): warning C4552: '+' : 의미 없는 연산자입니다. 파생 작업이 있는 연산자여야 합니다.
       Link:
         C:\Program Files (x86)\Microsoft Visual Studio 12.0\VC\bin\link.exe /ERRORREPORT:PROMPT /OUT:"C:\Users\EomJaeWoong\Documents\Visual Studio 2013\Projects\16.08.10_SearchPathToAStar\Debug\SearchPathToAStar.exe" /INCREMENTAL /NOLOGO kernel32.lib user32.lib gdi32.lib winspool.lib comdlg32.lib advapi32.lib shell32.lib ole32.lib oleaut32.lib uuid.lib odbc32.lib odbccp32.lib /MANIFEST /MANIFESTUAC:"level='asInvoker' uiAccess='false'" /manifest:embed /DEBUG /PDB:"C:\Users\EomJaeWoong\Documents\Visual Studio 2013\Projects\16.08.10_SearchPathToAStar\Debug\SearchPathToAStar.pdb" /SUBSYSTEM:WINDOWS /TLBID:1 /DYNAMICBASE /NXCOMPAT /IMPLIB:"C:\Users\EomJaeWoong\Documents\Visual Studio 2013\Projects\16.08.10_SearchPathToAStar\Debug\SearchPathToAStar.lib" /MACHINE:X86 Debug\SearchPathToAStar.res
         Debug\Astar.obj
         Debug\SearchPathToAStar.obj
         Debug\stdafx.obj
         SearchPathToAStar.vcxproj -> C:\Users\EomJaeWoong\Documents\Visual Studio 2013\Projects\16.08.10_SearchPathToAStar\Debug\SearchPathToAStar.exe
     1>"C:\Users\EomJaeWoong\Documents\Visual Studio 2013\Projects\16.08.10_SearchPathToAStar\SearchPathToAStar\SearchPathToAStar.vcxproj" 프로젝트를 빌드했습니다(Build 대상).

빌드했습니다.

경과 시간: 00:00:00.35
